2023-06-04 22:02:57,755 INFO o.a.j.u.JMeterUtils: Setting Locale to en_EN
2023-06-04 22:02:57,762 INFO o.a.j.JMeter: Loading user properties from: C:\Users\66454\.bzt\jmeter-taurus\5.4.3\bin\user.properties
2023-06-04 22:02:57,762 INFO o.a.j.JMeter: Loading system properties from: C:\Users\66454\.bzt\jmeter-taurus\5.4.3\bin\system.properties
2023-06-04 22:02:57,762 INFO o.a.j.JMeter: Loading additional properties from: C:\Users\66454\IdeaProjects\simple-web-server\2023-06-04_22-02-53.815752\jmeter-bzt.properties
2023-06-04 22:02:57,763 INFO o.a.j.JMeter: Setting System properties from file: C:\Users\66454\IdeaProjects\simple-web-server\2023-06-04_22-02-53.815752\system.properties
2023-06-04 22:02:57,768 INFO o.a.j.JMeter: Copyright (c) 1998-2021 The Apache Software Foundation
2023-06-04 22:02:57,777 INFO o.a.j.JMeter: Version 5.4.3
2023-06-04 22:02:57,777 INFO o.a.j.JMeter: java.version=1.8.0_311
2023-06-04 22:02:57,777 INFO o.a.j.JMeter: java.vm.name=Java HotSpot(TM) 64-Bit Server VM
2023-06-04 22:02:57,777 INFO o.a.j.JMeter: os.name=Windows 10
2023-06-04 22:02:57,777 INFO o.a.j.JMeter: os.arch=amd64
2023-06-04 22:02:57,777 INFO o.a.j.JMeter: os.version=10.0
2023-06-04 22:02:57,777 INFO o.a.j.JMeter: file.encoding=GBK
2023-06-04 22:02:57,777 INFO o.a.j.JMeter: java.awt.headless=true
2023-06-04 22:02:57,777 INFO o.a.j.JMeter: Max memory     =1073741824
2023-06-04 22:02:57,777 INFO o.a.j.JMeter: Available Processors =20
2023-06-04 22:02:57,779 INFO o.a.j.JMeter: Default Locale=English (EN)
2023-06-04 22:02:57,780 INFO o.a.j.JMeter: JMeter  Locale=English (EN)
2023-06-04 22:02:57,780 INFO o.a.j.JMeter: JMeterHome=C:\Users\66454\.bzt\jmeter-taurus\5.4.3
2023-06-04 22:02:57,780 INFO o.a.j.JMeter: user.dir  =C:\Users\66454\IdeaProjects\simple-web-server
2023-06-04 22:02:57,780 INFO o.a.j.JMeter: PWD       =C:\Users\66454\IdeaProjects\simple-web-server
2023-06-04 22:02:57,784 INFO o.a.j.JMeter: IP: 192.168.3.106 Name: ThinkBook-GG FullName: ThinkBook-GG
2023-06-04 22:02:57,784 INFO o.a.j.JMeter: user.classpath=C:/Users/66454/IdeaProjects/simple-web-server/2023-06-04_22-02-53.815752;C:/Users/66454/IdeaProjects/simple-web-server/2023-06-04_22-02-53.815752
2023-06-04 22:02:57,785 INFO o.a.j.JMeter: Adding to classpath and loader: C:/Users/66454/IdeaProjects/simple-web-server/2023-06-04_22-02-53.815752
2023-06-04 22:02:57,785 INFO o.a.j.JMeter: Adding to classpath and loader: C:/Users/66454/IdeaProjects/simple-web-server/2023-06-04_22-02-53.815752
2023-06-04 22:02:57,788 INFO o.a.j.s.FileServer: Default base='C:\Users\66454\IdeaProjects\simple-web-server'
2023-06-04 22:02:57,789 INFO o.a.j.s.FileServer: Set new base='C:\Users\66454\IdeaProjects\simple-web-server\2023-06-04_22-02-53.815752'
2023-06-04 22:02:57,852 INFO o.a.j.s.SaveService: Testplan (JMX) version: 2.2. Testlog (JTL) version: 2.2
2023-06-04 22:02:57,861 INFO o.a.j.s.SaveService: Using SaveService properties file encoding UTF-8
2023-06-04 22:02:57,864 INFO o.a.j.s.SaveService: Using SaveService properties version 5.0
2023-06-04 22:02:57,867 INFO o.a.j.s.SaveService: Loading file: C:\Users\66454\IdeaProjects\simple-web-server\2023-06-04_22-02-53.815752\modified_requests.jmx
2023-06-04 22:02:57,899 INFO o.a.j.p.h.c.CacheManager: Will only cache the following methods: [GET]
2023-06-04 22:02:57,900 INFO o.a.j.p.h.c.CookieManager: Settings: Delete null: true Check: true Allow variable: true Save: false Prefix: COOKIE_
2023-06-04 22:02:57,910 INFO o.a.j.p.h.s.HTTPSamplerBase: Parser for text/html is org.apache.jmeter.protocol.http.parser.LagartoBasedHtmlParser
2023-06-04 22:02:57,910 INFO o.a.j.p.h.s.HTTPSamplerBase: Parser for application/xhtml+xml is org.apache.jmeter.protocol.http.parser.LagartoBasedHtmlParser
2023-06-04 22:02:57,910 INFO o.a.j.p.h.s.HTTPSamplerBase: Parser for application/xml is org.apache.jmeter.protocol.http.parser.LagartoBasedHtmlParser
2023-06-04 22:02:57,910 INFO o.a.j.p.h.s.HTTPSamplerBase: Parser for text/xml is org.apache.jmeter.protocol.http.parser.LagartoBasedHtmlParser
2023-06-04 22:02:57,910 INFO o.a.j.p.h.s.HTTPSamplerBase: Parser for text/vnd.wap.wml is org.apache.jmeter.protocol.http.parser.RegexpHTMLParser
2023-06-04 22:02:57,910 INFO o.a.j.p.h.s.HTTPSamplerBase: Parser for text/css is org.apache.jmeter.protocol.http.parser.CssParser
2023-06-04 22:02:57,925 INFO o.a.j.e.StandardJMeterEngine: Running the test!
2023-06-04 22:02:57,926 INFO o.a.j.s.SampleEvent: List of sample_variables: []
2023-06-04 22:02:57,926 INFO o.a.j.s.SampleEvent: List of sample_variables: []
2023-06-04 22:02:57,928 INFO o.a.j.e.u.CompoundVariable: Note: Function class names must contain the string: '.functions.'
2023-06-04 22:02:57,929 INFO o.a.j.e.u.CompoundVariable: Note: Function class names must not contain the string: '.gui.'
2023-06-04 22:02:58,112 INFO o.a.j.JMeter: Running test (1685887378112)
2023-06-04 22:02:58,134 INFO o.a.j.e.StandardJMeterEngine: Starting ThreadGroup: 1 : simple-web-server
2023-06-04 22:02:58,134 INFO o.a.j.e.StandardJMeterEngine: Starting 60 threads for group simple-web-server.
2023-06-04 22:02:58,134 INFO o.a.j.e.StandardJMeterEngine: Thread will continue on error
2023-06-04 22:02:58,136 INFO o.a.j.e.StandardJMeterEngine: All thread groups have been started
2023-06-04 22:02:58,136 INFO c.b.j.t.c.ConcurrencyThreadStarter: Start supplying threads
2023-06-04 22:02:58,244 INFO o.a.j.t.JMeterThread: Thread started: simple-web-server-ThreadStarter 1-1
2023-06-04 22:02:58,245 INFO o.a.j.s.SampleResult: Note: Sample TimeStamps are START times
2023-06-04 22:02:58,245 INFO o.a.j.s.SampleResult: sampleresult.default.encoding is set to UTF-8
2023-06-04 22:02:58,245 INFO o.a.j.s.SampleResult: sampleresult.useNanoTime=true
2023-06-04 22:02:58,245 INFO o.a.j.s.SampleResult: sampleresult.nanoThreadSleep=5000
2023-06-04 22:02:58,259 INFO o.a.j.p.h.s.HTTPHCAbstractImpl: Local host = ThinkBook-GG
2023-06-04 22:02:58,262 INFO o.a.j.p.h.s.HTTPHC4Impl: HTTP request retry count = 0
2023-06-04 22:02:58,331 INFO o.a.j.u.JsseSSLManager: Using default SSL protocol: TLS
2023-06-04 22:02:58,331 INFO o.a.j.u.JsseSSLManager: SSL session context: per-thread
2023-06-04 22:02:59,257 INFO o.a.j.t.JMeterThread: Thread started: simple-web-server-ThreadStarter 1-2
2023-06-04 22:02:59,258 INFO o.a.j.t.JMeterThread: Thread started: simple-web-server-ThreadStarter 1-4
2023-06-04 22:02:59,258 INFO o.a.j.t.JMeterThread: Thread started: simple-web-server-ThreadStarter 1-5
2023-06-04 22:02:59,258 INFO o.a.j.t.JMeterThread: Thread started: simple-web-server-ThreadStarter 1-6
2023-06-04 22:02:59,258 INFO o.a.j.t.JMeterThread: Thread started: simple-web-server-ThreadStarter 1-7
2023-06-04 22:02:59,257 INFO o.a.j.t.JMeterThread: Thread started: simple-web-server-ThreadStarter 1-3
2023-06-04 22:03:00,274 INFO o.a.j.t.JMeterThread: Thread started: simple-web-server-ThreadStarter 1-10
2023-06-04 22:03:00,274 INFO o.a.j.t.JMeterThread: Thread started: simple-web-server-ThreadStarter 1-8
2023-06-04 22:03:00,274 INFO o.a.j.t.JMeterThread: Thread started: simple-web-server-ThreadStarter 1-11
2023-06-04 22:03:00,274 INFO o.a.j.t.JMeterThread: Thread started: simple-web-server-ThreadStarter 1-12
2023-06-04 22:03:00,274 INFO o.a.j.t.JMeterThread: Thread started: simple-web-server-ThreadStarter 1-13
2023-06-04 22:03:00,274 INFO o.a.j.t.JMeterThread: Thread started: simple-web-server-ThreadStarter 1-9
2023-06-04 22:03:01,290 INFO o.a.j.t.JMeterThread: Thread started: simple-web-server-ThreadStarter 1-14
2023-06-04 22:03:01,290 INFO o.a.j.t.JMeterThread: Thread started: simple-web-server-ThreadStarter 1-15
2023-06-04 22:03:01,291 INFO o.a.j.t.JMeterThread: Thread started: simple-web-server-ThreadStarter 1-17
2023-06-04 22:03:01,291 INFO o.a.j.t.JMeterThread: Thread started: simple-web-server-ThreadStarter 1-16
2023-06-04 22:03:01,291 INFO o.a.j.t.JMeterThread: Thread started: simple-web-server-ThreadStarter 1-18
2023-06-04 22:03:01,292 INFO o.a.j.t.JMeterThread: Thread started: simple-web-server-ThreadStarter 1-19
2023-06-04 22:03:02,294 INFO o.a.j.t.JMeterThread: Thread started: simple-web-server-ThreadStarter 1-20
2023-06-04 22:03:02,298 INFO o.a.j.t.JMeterThread: Thread started: simple-web-server-ThreadStarter 1-21
2023-06-04 22:03:02,299 INFO o.a.j.t.JMeterThread: Thread started: simple-web-server-ThreadStarter 1-25
2023-06-04 22:03:02,299 INFO o.a.j.t.JMeterThread: Thread started: simple-web-server-ThreadStarter 1-22
2023-06-04 22:03:02,299 INFO o.a.j.t.JMeterThread: Thread started: simple-web-server-ThreadStarter 1-24
2023-06-04 22:03:02,299 INFO o.a.j.t.JMeterThread: Thread started: simple-web-server-ThreadStarter 1-23
2023-06-04 22:03:03,311 INFO o.a.j.t.JMeterThread: Thread started: simple-web-server-ThreadStarter 1-26
2023-06-04 22:03:03,314 INFO o.a.j.t.JMeterThread: Thread started: simple-web-server-ThreadStarter 1-30
2023-06-04 22:03:03,314 INFO o.a.j.t.JMeterThread: Thread started: simple-web-server-ThreadStarter 1-29
2023-06-04 22:03:03,314 INFO o.a.j.t.JMeterThread: Thread started: simple-web-server-ThreadStarter 1-31
2023-06-04 22:03:03,315 INFO o.a.j.t.JMeterThread: Thread started: simple-web-server-ThreadStarter 1-27
2023-06-04 22:03:03,314 INFO o.a.j.t.JMeterThread: Thread started: simple-web-server-ThreadStarter 1-28
2023-06-04 22:03:04,326 INFO o.a.j.t.JMeterThread: Thread started: simple-web-server-ThreadStarter 1-32
2023-06-04 22:03:04,326 INFO o.a.j.t.JMeterThread: Thread started: simple-web-server-ThreadStarter 1-33
2023-06-04 22:03:04,327 INFO o.a.j.t.JMeterThread: Thread started: simple-web-server-ThreadStarter 1-34
2023-06-04 22:03:04,327 INFO o.a.j.t.JMeterThread: Thread started: simple-web-server-ThreadStarter 1-35
2023-06-04 22:03:04,327 INFO o.a.j.t.JMeterThread: Thread started: simple-web-server-ThreadStarter 1-36
2023-06-04 22:03:04,327 INFO o.a.j.t.JMeterThread: Thread started: simple-web-server-ThreadStarter 1-37
2023-06-04 22:03:05,333 INFO o.a.j.t.JMeterThread: Thread started: simple-web-server-ThreadStarter 1-39
2023-06-04 22:03:05,333 INFO o.a.j.t.JMeterThread: Thread started: simple-web-server-ThreadStarter 1-42
2023-06-04 22:03:05,333 INFO o.a.j.t.JMeterThread: Thread started: simple-web-server-ThreadStarter 1-38
2023-06-04 22:03:05,334 INFO o.a.j.t.JMeterThread: Thread started: simple-web-server-ThreadStarter 1-43
2023-06-04 22:03:05,334 INFO o.a.j.t.JMeterThread: Thread started: simple-web-server-ThreadStarter 1-40
2023-06-04 22:03:05,334 INFO o.a.j.t.JMeterThread: Thread started: simple-web-server-ThreadStarter 1-41
2023-06-04 22:03:06,348 INFO o.a.j.t.JMeterThread: Thread started: simple-web-server-ThreadStarter 1-44
2023-06-04 22:03:06,348 INFO o.a.j.t.JMeterThread: Thread started: simple-web-server-ThreadStarter 1-46
2023-06-04 22:03:06,348 INFO o.a.j.t.JMeterThread: Thread started: simple-web-server-ThreadStarter 1-45
2023-06-04 22:03:06,348 INFO o.a.j.t.JMeterThread: Thread started: simple-web-server-ThreadStarter 1-47
2023-06-04 22:03:06,348 INFO o.a.j.t.JMeterThread: Thread started: simple-web-server-ThreadStarter 1-48
2023-06-04 22:03:06,348 INFO o.a.j.t.JMeterThread: Thread started: simple-web-server-ThreadStarter 1-49
2023-06-04 22:03:07,361 INFO o.a.j.t.JMeterThread: Thread started: simple-web-server-ThreadStarter 1-50
2023-06-04 22:03:07,362 INFO o.a.j.t.JMeterThread: Thread started: simple-web-server-ThreadStarter 1-51
2023-06-04 22:03:07,362 INFO o.a.j.t.JMeterThread: Thread started: simple-web-server-ThreadStarter 1-52
2023-06-04 22:03:07,362 INFO o.a.j.t.JMeterThread: Thread started: simple-web-server-ThreadStarter 1-53
2023-06-04 22:03:07,362 INFO o.a.j.t.JMeterThread: Thread started: simple-web-server-ThreadStarter 1-55
2023-06-04 22:03:07,362 INFO o.a.j.t.JMeterThread: Thread started: simple-web-server-ThreadStarter 1-54
2023-06-04 22:03:08,369 INFO o.a.j.t.JMeterThread: Thread started: simple-web-server-ThreadStarter 1-57
2023-06-04 22:03:08,369 INFO o.a.j.t.JMeterThread: Thread started: simple-web-server-ThreadStarter 1-56
2023-06-04 22:03:08,370 INFO o.a.j.t.JMeterThread: Thread started: simple-web-server-ThreadStarter 1-58
2023-06-04 22:03:08,370 INFO o.a.j.t.JMeterThread: Thread started: simple-web-server-ThreadStarter 1-59
2023-06-04 22:03:08,370 INFO o.a.j.t.JMeterThread: Thread started: simple-web-server-ThreadStarter 1-60
2023-06-04 22:04:08,782 INFO c.b.j.t.c.ConcurrencyThreadStarter: Done supplying threads
2023-06-04 22:04:08,782 INFO o.a.j.t.JMeterThread: Thread is done: simple-web-server-ThreadStarter 1-54
2023-06-04 22:04:08,782 INFO o.a.j.t.JMeterThread: Thread finished: simple-web-server-ThreadStarter 1-54
2023-06-04 22:04:08,784 INFO o.a.j.t.JMeterThread: Thread is done: simple-web-server-ThreadStarter 1-53
2023-06-04 22:04:08,785 INFO o.a.j.t.JMeterThread: Thread finished: simple-web-server-ThreadStarter 1-53
2023-06-04 22:04:08,787 INFO o.a.j.t.JMeterThread: Thread is done: simple-web-server-ThreadStarter 1-55
2023-06-04 22:04:08,787 INFO o.a.j.t.JMeterThread: Thread finished: simple-web-server-ThreadStarter 1-55
2023-06-04 22:04:08,789 INFO o.a.j.t.JMeterThread: Thread is done: simple-web-server-ThreadStarter 1-44
2023-06-04 22:04:08,789 INFO o.a.j.t.JMeterThread: Thread finished: simple-web-server-ThreadStarter 1-44
2023-06-04 22:04:08,790 INFO o.a.j.t.JMeterThread: Thread is done: simple-web-server-ThreadStarter 1-46
2023-06-04 22:04:08,790 INFO o.a.j.t.JMeterThread: Thread finished: simple-web-server-ThreadStarter 1-46
2023-06-04 22:04:08,792 INFO o.a.j.t.JMeterThread: Thread is done: simple-web-server-ThreadStarter 1-49
2023-06-04 22:04:08,792 INFO o.a.j.t.JMeterThread: Thread finished: simple-web-server-ThreadStarter 1-49
2023-06-04 22:04:08,794 INFO o.a.j.t.JMeterThread: Thread is done: simple-web-server-ThreadStarter 1-11
2023-06-04 22:04:08,794 INFO o.a.j.t.JMeterThread: Thread finished: simple-web-server-ThreadStarter 1-11
2023-06-04 22:04:08,796 INFO o.a.j.t.JMeterThread: Thread is done: simple-web-server-ThreadStarter 1-14
2023-06-04 22:04:08,796 INFO o.a.j.t.JMeterThread: Thread finished: simple-web-server-ThreadStarter 1-14
2023-06-04 22:04:08,798 INFO o.a.j.t.JMeterThread: Thread is done: simple-web-server-ThreadStarter 1-33
2023-06-04 22:04:08,798 INFO o.a.j.t.JMeterThread: Thread finished: simple-web-server-ThreadStarter 1-33
2023-06-04 22:04:08,800 INFO o.a.j.t.JMeterThread: Thread is done: simple-web-server-ThreadStarter 1-15
2023-06-04 22:04:08,800 INFO o.a.j.t.JMeterThread: Thread finished: simple-web-server-ThreadStarter 1-15
2023-06-04 22:04:08,802 INFO o.a.j.t.JMeterThread: Thread is done: simple-web-server-ThreadStarter 1-12
2023-06-04 22:04:08,802 INFO o.a.j.t.JMeterThread: Thread finished: simple-web-server-ThreadStarter 1-12
2023-06-04 22:04:08,805 INFO o.a.j.t.JMeterThread: Thread is done: simple-web-server-ThreadStarter 1-32
2023-06-04 22:04:08,805 INFO o.a.j.t.JMeterThread: Thread finished: simple-web-server-ThreadStarter 1-32
2023-06-04 22:04:08,807 INFO o.a.j.t.JMeterThread: Thread is done: simple-web-server-ThreadStarter 1-34
2023-06-04 22:04:08,807 INFO o.a.j.t.JMeterThread: Thread finished: simple-web-server-ThreadStarter 1-34
2023-06-04 22:04:08,809 INFO o.a.j.t.JMeterThread: Thread is done: simple-web-server-ThreadStarter 1-35
2023-06-04 22:04:08,809 INFO o.a.j.t.JMeterThread: Thread finished: simple-web-server-ThreadStarter 1-35
2023-06-04 22:04:08,811 INFO o.a.j.t.JMeterThread: Thread is done: simple-web-server-ThreadStarter 1-36
2023-06-04 22:04:08,811 INFO o.a.j.t.JMeterThread: Thread finished: simple-web-server-ThreadStarter 1-36
2023-06-04 22:04:08,812 INFO o.a.j.t.JMeterThread: Thread is done: simple-web-server-ThreadStarter 1-37
2023-06-04 22:04:08,813 INFO o.a.j.t.JMeterThread: Thread finished: simple-web-server-ThreadStarter 1-37
2023-06-04 22:04:08,814 INFO o.a.j.t.JMeterThread: Thread is done: simple-web-server-ThreadStarter 1-17
2023-06-04 22:04:08,814 INFO o.a.j.t.JMeterThread: Thread finished: simple-web-server-ThreadStarter 1-17
2023-06-04 22:04:08,816 INFO o.a.j.t.JMeterThread: Thread is done: simple-web-server-ThreadStarter 1-16
2023-06-04 22:04:08,816 INFO o.a.j.t.JMeterThread: Thread finished: simple-web-server-ThreadStarter 1-16
2023-06-04 22:04:08,818 INFO o.a.j.t.JMeterThread: Thread is done: simple-web-server-ThreadStarter 1-56
2023-06-04 22:04:08,818 INFO o.a.j.t.JMeterThread: Thread finished: simple-web-server-ThreadStarter 1-56
2023-06-04 22:04:08,820 INFO o.a.j.t.JMeterThread: Thread is done: simple-web-server-ThreadStarter 1-57
2023-06-04 22:04:08,820 INFO o.a.j.t.JMeterThread: Thread finished: simple-web-server-ThreadStarter 1-57
2023-06-04 22:04:08,822 INFO o.a.j.t.JMeterThread: Thread is done: simple-web-server-ThreadStarter 1-60
2023-06-04 22:04:08,822 INFO o.a.j.t.JMeterThread: Thread finished: simple-web-server-ThreadStarter 1-60
2023-06-04 22:04:08,824 INFO o.a.j.t.JMeterThread: Thread is done: simple-web-server-ThreadStarter 1-59
2023-06-04 22:04:08,824 INFO o.a.j.t.JMeterThread: Thread finished: simple-web-server-ThreadStarter 1-59
2023-06-04 22:04:08,825 INFO o.a.j.t.JMeterThread: Thread is done: simple-web-server-ThreadStarter 1-58
2023-06-04 22:04:08,825 INFO o.a.j.t.JMeterThread: Thread finished: simple-web-server-ThreadStarter 1-58
2023-06-04 22:04:08,827 INFO o.a.j.t.JMeterThread: Thread is done: simple-web-server-ThreadStarter 1-1
2023-06-04 22:04:08,827 INFO o.a.j.t.JMeterThread: Thread finished: simple-web-server-ThreadStarter 1-1
2023-06-04 22:04:08,829 INFO o.a.j.t.JMeterThread: Thread is done: simple-web-server-ThreadStarter 1-3
2023-06-04 22:04:08,829 INFO o.a.j.t.JMeterThread: Thread finished: simple-web-server-ThreadStarter 1-3
2023-06-04 22:04:08,831 INFO o.a.j.t.JMeterThread: Thread is done: simple-web-server-ThreadStarter 1-13
2023-06-04 22:04:08,831 INFO o.a.j.t.JMeterThread: Thread finished: simple-web-server-ThreadStarter 1-13
2023-06-04 22:04:08,833 INFO o.a.j.t.JMeterThread: Thread is done: simple-web-server-ThreadStarter 1-18
2023-06-04 22:04:08,833 INFO o.a.j.t.JMeterThread: Thread finished: simple-web-server-ThreadStarter 1-18
2023-06-04 22:04:08,834 INFO o.a.j.t.JMeterThread: Thread is done: simple-web-server-ThreadStarter 1-19
2023-06-04 22:04:08,834 INFO o.a.j.t.JMeterThread: Thread finished: simple-web-server-ThreadStarter 1-19
2023-06-04 22:04:08,836 INFO o.a.j.t.JMeterThread: Thread is done: simple-web-server-ThreadStarter 1-9
2023-06-04 22:04:08,836 INFO o.a.j.t.JMeterThread: Thread finished: simple-web-server-ThreadStarter 1-9
2023-06-04 22:04:08,838 INFO o.a.j.t.JMeterThread: Thread is done: simple-web-server-ThreadStarter 1-10
2023-06-04 22:04:08,838 INFO o.a.j.t.JMeterThread: Thread finished: simple-web-server-ThreadStarter 1-10
2023-06-04 22:04:08,840 INFO o.a.j.t.JMeterThread: Thread is done: simple-web-server-ThreadStarter 1-27
2023-06-04 22:04:08,840 INFO o.a.j.t.JMeterThread: Thread finished: simple-web-server-ThreadStarter 1-27
2023-06-04 22:04:08,842 INFO o.a.j.t.JMeterThread: Thread is done: simple-web-server-ThreadStarter 1-29
2023-06-04 22:04:08,842 INFO o.a.j.t.JMeterThread: Thread finished: simple-web-server-ThreadStarter 1-29
2023-06-04 22:04:08,844 INFO o.a.j.t.JMeterThread: Thread is done: simple-web-server-ThreadStarter 1-5
2023-06-04 22:04:08,844 INFO o.a.j.t.JMeterThread: Thread finished: simple-web-server-ThreadStarter 1-5
2023-06-04 22:04:08,846 INFO o.a.j.t.JMeterThread: Thread is done: simple-web-server-ThreadStarter 1-26
2023-06-04 22:04:08,846 INFO o.a.j.t.JMeterThread: Thread finished: simple-web-server-ThreadStarter 1-26
2023-06-04 22:04:08,847 INFO o.a.j.t.JMeterThread: Thread is done: simple-web-server-ThreadStarter 1-2
2023-06-04 22:04:08,847 INFO o.a.j.t.JMeterThread: Thread finished: simple-web-server-ThreadStarter 1-2
2023-06-04 22:04:08,849 INFO o.a.j.t.JMeterThread: Thread is done: simple-web-server-ThreadStarter 1-20
2023-06-04 22:04:08,849 INFO o.a.j.t.JMeterThread: Thread finished: simple-web-server-ThreadStarter 1-20
2023-06-04 22:04:08,851 INFO o.a.j.t.JMeterThread: Thread is done: simple-web-server-ThreadStarter 1-30
2023-06-04 22:04:08,851 INFO o.a.j.t.JMeterThread: Thread finished: simple-web-server-ThreadStarter 1-30
2023-06-04 22:04:08,853 INFO o.a.j.t.JMeterThread: Thread is done: simple-web-server-ThreadStarter 1-31
2023-06-04 22:04:08,853 INFO o.a.j.t.JMeterThread: Thread finished: simple-web-server-ThreadStarter 1-31
2023-06-04 22:04:08,854 INFO o.a.j.t.JMeterThread: Thread is done: simple-web-server-ThreadStarter 1-21
2023-06-04 22:04:08,855 INFO o.a.j.t.JMeterThread: Thread finished: simple-web-server-ThreadStarter 1-21
2023-06-04 22:04:08,856 INFO o.a.j.t.JMeterThread: Thread is done: simple-web-server-ThreadStarter 1-38
2023-06-04 22:04:08,856 INFO o.a.j.t.JMeterThread: Thread finished: simple-web-server-ThreadStarter 1-38
2023-06-04 22:04:08,858 INFO o.a.j.t.JMeterThread: Thread is done: simple-web-server-ThreadStarter 1-39
2023-06-04 22:04:08,858 INFO o.a.j.t.JMeterThread: Thread finished: simple-web-server-ThreadStarter 1-39
2023-06-04 22:04:08,860 INFO o.a.j.t.JMeterThread: Thread is done: simple-web-server-ThreadStarter 1-28
2023-06-04 22:04:08,860 INFO o.a.j.t.JMeterThread: Thread finished: simple-web-server-ThreadStarter 1-28
2023-06-04 22:04:08,862 INFO o.a.j.t.JMeterThread: Thread is done: simple-web-server-ThreadStarter 1-22
2023-06-04 22:04:08,862 INFO o.a.j.t.JMeterThread: Thread finished: simple-web-server-ThreadStarter 1-22
2023-06-04 22:04:08,864 INFO o.a.j.t.JMeterThread: Thread is done: simple-web-server-ThreadStarter 1-42
2023-06-04 22:04:08,864 INFO o.a.j.t.JMeterThread: Thread finished: simple-web-server-ThreadStarter 1-42
2023-06-04 22:04:08,865 INFO o.a.j.t.JMeterThread: Thread is done: simple-web-server-ThreadStarter 1-43
2023-06-04 22:04:08,865 INFO o.a.j.t.JMeterThread: Thread finished: simple-web-server-ThreadStarter 1-43
2023-06-04 22:04:08,867 INFO o.a.j.t.JMeterThread: Thread is done: simple-web-server-ThreadStarter 1-41
2023-06-04 22:04:08,867 INFO o.a.j.t.JMeterThread: Thread finished: simple-web-server-ThreadStarter 1-41
2023-06-04 22:04:08,869 INFO o.a.j.t.JMeterThread: Thread is done: simple-web-server-ThreadStarter 1-24
2023-06-04 22:04:08,869 INFO o.a.j.t.JMeterThread: Thread finished: simple-web-server-ThreadStarter 1-24
2023-06-04 22:04:08,871 INFO o.a.j.t.JMeterThread: Thread is done: simple-web-server-ThreadStarter 1-23
2023-06-04 22:04:08,871 INFO o.a.j.t.JMeterThread: Thread finished: simple-web-server-ThreadStarter 1-23
2023-06-04 22:04:08,873 INFO o.a.j.t.JMeterThread: Thread is done: simple-web-server-ThreadStarter 1-40
2023-06-04 22:04:08,873 INFO o.a.j.t.JMeterThread: Thread finished: simple-web-server-ThreadStarter 1-40
2023-06-04 22:04:08,875 INFO o.a.j.t.JMeterThread: Thread is done: simple-web-server-ThreadStarter 1-25
2023-06-04 22:04:08,875 INFO o.a.j.t.JMeterThread: Thread finished: simple-web-server-ThreadStarter 1-25
2023-06-04 22:04:08,877 INFO o.a.j.t.JMeterThread: Thread is done: simple-web-server-ThreadStarter 1-50
2023-06-04 22:04:08,877 INFO o.a.j.t.JMeterThread: Thread finished: simple-web-server-ThreadStarter 1-50
2023-06-04 22:04:08,878 INFO o.a.j.t.JMeterThread: Thread is done: simple-web-server-ThreadStarter 1-52
2023-06-04 22:04:08,878 INFO o.a.j.t.JMeterThread: Thread finished: simple-web-server-ThreadStarter 1-52
2023-06-04 22:04:08,880 INFO o.a.j.t.JMeterThread: Thread is done: simple-web-server-ThreadStarter 1-47
2023-06-04 22:04:08,880 INFO o.a.j.t.JMeterThread: Thread finished: simple-web-server-ThreadStarter 1-47
2023-06-04 22:04:08,882 INFO o.a.j.t.JMeterThread: Thread is done: simple-web-server-ThreadStarter 1-48
2023-06-04 22:04:08,882 INFO o.a.j.t.JMeterThread: Thread finished: simple-web-server-ThreadStarter 1-48
2023-06-04 22:04:08,884 INFO o.a.j.t.JMeterThread: Thread is done: simple-web-server-ThreadStarter 1-6
2023-06-04 22:04:08,884 INFO o.a.j.t.JMeterThread: Thread finished: simple-web-server-ThreadStarter 1-6
2023-06-04 22:04:08,886 INFO o.a.j.t.JMeterThread: Thread is done: simple-web-server-ThreadStarter 1-8
2023-06-04 22:04:08,886 INFO o.a.j.t.JMeterThread: Thread finished: simple-web-server-ThreadStarter 1-8
2023-06-04 22:04:08,888 INFO o.a.j.t.JMeterThread: Thread is done: simple-web-server-ThreadStarter 1-51
2023-06-04 22:04:08,888 INFO o.a.j.t.JMeterThread: Thread finished: simple-web-server-ThreadStarter 1-51
2023-06-04 22:04:08,890 INFO o.a.j.t.JMeterThread: Thread is done: simple-web-server-ThreadStarter 1-4
2023-06-04 22:04:08,890 INFO o.a.j.t.JMeterThread: Thread finished: simple-web-server-ThreadStarter 1-4
2023-06-04 22:04:08,891 INFO o.a.j.t.JMeterThread: Thread is done: simple-web-server-ThreadStarter 1-45
2023-06-04 22:04:08,892 INFO o.a.j.t.JMeterThread: Thread finished: simple-web-server-ThreadStarter 1-45
2023-06-04 22:04:08,894 INFO o.a.j.t.JMeterThread: Thread is done: simple-web-server-ThreadStarter 1-7
2023-06-04 22:04:08,894 INFO o.a.j.t.JMeterThread: Thread finished: simple-web-server-ThreadStarter 1-7
2023-06-04 22:04:08,894 INFO o.a.j.e.StandardJMeterEngine: Notifying test listeners of end of test
2023-06-04 22:04:08,895 INFO o.a.j.e.StandardJMeterEngine: Forced JVM shutdown requested at end of test
