2023-06-04 21:38:23,239 INFO o.a.j.u.JMeterUtils: Setting Locale to en_EN
2023-06-04 21:38:23,246 INFO o.a.j.JMeter: Loading user properties from: C:\Users\66454\.bzt\jmeter-taurus\5.4.3\bin\user.properties
2023-06-04 21:38:23,247 INFO o.a.j.JMeter: Loading system properties from: C:\Users\66454\.bzt\jmeter-taurus\5.4.3\bin\system.properties
2023-06-04 21:38:23,247 INFO o.a.j.JMeter: Loading additional properties from: C:\Users\66454\IdeaProjects\simple-web-server\2023-06-04_21-38-19.213733\jmeter-bzt.properties
2023-06-04 21:38:23,247 INFO o.a.j.JMeter: Setting System properties from file: C:\Users\66454\IdeaProjects\simple-web-server\2023-06-04_21-38-19.213733\system.properties
2023-06-04 21:38:23,252 INFO o.a.j.JMeter: Copyright (c) 1998-2021 The Apache Software Foundation
2023-06-04 21:38:23,262 INFO o.a.j.JMeter: Version 5.4.3
2023-06-04 21:38:23,262 INFO o.a.j.JMeter: java.version=1.8.0_311
2023-06-04 21:38:23,262 INFO o.a.j.JMeter: java.vm.name=Java HotSpot(TM) 64-Bit Server VM
2023-06-04 21:38:23,262 INFO o.a.j.JMeter: os.name=Windows 10
2023-06-04 21:38:23,262 INFO o.a.j.JMeter: os.arch=amd64
2023-06-04 21:38:23,262 INFO o.a.j.JMeter: os.version=10.0
2023-06-04 21:38:23,262 INFO o.a.j.JMeter: file.encoding=GBK
2023-06-04 21:38:23,262 INFO o.a.j.JMeter: java.awt.headless=true
2023-06-04 21:38:23,262 INFO o.a.j.JMeter: Max memory     =1073741824
2023-06-04 21:38:23,262 INFO o.a.j.JMeter: Available Processors =20
2023-06-04 21:38:23,265 INFO o.a.j.JMeter: Default Locale=English (EN)
2023-06-04 21:38:23,265 INFO o.a.j.JMeter: JMeter  Locale=English (EN)
2023-06-04 21:38:23,265 INFO o.a.j.JMeter: JMeterHome=C:\Users\66454\.bzt\jmeter-taurus\5.4.3
2023-06-04 21:38:23,265 INFO o.a.j.JMeter: user.dir  =C:\Users\66454\IdeaProjects\simple-web-server
2023-06-04 21:38:23,265 INFO o.a.j.JMeter: PWD       =C:\Users\66454\IdeaProjects\simple-web-server
2023-06-04 21:38:23,266 INFO o.a.j.JMeter: IP: 192.168.3.106 Name: ThinkBook-GG FullName: ThinkBook-GG
2023-06-04 21:38:23,266 INFO o.a.j.JMeter: user.classpath=C:/Users/66454/IdeaProjects/simple-web-server/2023-06-04_21-38-19.213733;C:/Users/66454/IdeaProjects/simple-web-server/2023-06-04_21-38-19.213733
2023-06-04 21:38:23,267 INFO o.a.j.JMeter: Adding to classpath and loader: C:/Users/66454/IdeaProjects/simple-web-server/2023-06-04_21-38-19.213733
2023-06-04 21:38:23,267 INFO o.a.j.JMeter: Adding to classpath and loader: C:/Users/66454/IdeaProjects/simple-web-server/2023-06-04_21-38-19.213733
2023-06-04 21:38:23,271 INFO o.a.j.s.FileServer: Default base='C:\Users\66454\IdeaProjects\simple-web-server'
2023-06-04 21:38:23,271 INFO o.a.j.s.FileServer: Set new base='C:\Users\66454\IdeaProjects\simple-web-server\2023-06-04_21-38-19.213733'
2023-06-04 21:38:23,340 INFO o.a.j.s.SaveService: Testplan (JMX) version: 2.2. Testlog (JTL) version: 2.2
2023-06-04 21:38:23,350 INFO o.a.j.s.SaveService: Using SaveService properties file encoding UTF-8
2023-06-04 21:38:23,353 INFO o.a.j.s.SaveService: Using SaveService properties version 5.0
2023-06-04 21:38:23,356 INFO o.a.j.s.SaveService: Loading file: C:\Users\66454\IdeaProjects\simple-web-server\2023-06-04_21-38-19.213733\modified_requests.jmx
2023-06-04 21:38:23,389 INFO o.a.j.p.h.c.CacheManager: Will only cache the following methods: [GET]
2023-06-04 21:38:23,390 INFO o.a.j.p.h.c.CookieManager: Settings: Delete null: true Check: true Allow variable: true Save: false Prefix: COOKIE_
2023-06-04 21:38:23,400 INFO o.a.j.p.h.s.HTTPSamplerBase: Parser for text/html is org.apache.jmeter.protocol.http.parser.LagartoBasedHtmlParser
2023-06-04 21:38:23,400 INFO o.a.j.p.h.s.HTTPSamplerBase: Parser for application/xhtml+xml is org.apache.jmeter.protocol.http.parser.LagartoBasedHtmlParser
2023-06-04 21:38:23,401 INFO o.a.j.p.h.s.HTTPSamplerBase: Parser for application/xml is org.apache.jmeter.protocol.http.parser.LagartoBasedHtmlParser
2023-06-04 21:38:23,401 INFO o.a.j.p.h.s.HTTPSamplerBase: Parser for text/xml is org.apache.jmeter.protocol.http.parser.LagartoBasedHtmlParser
2023-06-04 21:38:23,401 INFO o.a.j.p.h.s.HTTPSamplerBase: Parser for text/vnd.wap.wml is org.apache.jmeter.protocol.http.parser.RegexpHTMLParser
2023-06-04 21:38:23,401 INFO o.a.j.p.h.s.HTTPSamplerBase: Parser for text/css is org.apache.jmeter.protocol.http.parser.CssParser
2023-06-04 21:38:23,417 INFO o.a.j.e.StandardJMeterEngine: Running the test!
2023-06-04 21:38:23,417 INFO o.a.j.s.SampleEvent: List of sample_variables: []
2023-06-04 21:38:23,417 INFO o.a.j.s.SampleEvent: List of sample_variables: []
2023-06-04 21:38:23,420 INFO o.a.j.e.u.CompoundVariable: Note: Function class names must contain the string: '.functions.'
2023-06-04 21:38:23,420 INFO o.a.j.e.u.CompoundVariable: Note: Function class names must not contain the string: '.gui.'
2023-06-04 21:38:23,611 INFO o.a.j.JMeter: Running test (1685885903611)
2023-06-04 21:38:23,634 INFO o.a.j.e.StandardJMeterEngine: Starting ThreadGroup: 1 : simple-web-server
2023-06-04 21:38:23,634 INFO o.a.j.e.StandardJMeterEngine: Starting 60 threads for group simple-web-server.
2023-06-04 21:38:23,634 INFO o.a.j.e.StandardJMeterEngine: Thread will continue on error
2023-06-04 21:38:23,636 INFO o.a.j.e.StandardJMeterEngine: All thread groups have been started
2023-06-04 21:38:23,636 INFO c.b.j.t.c.ConcurrencyThreadStarter: Start supplying threads
2023-06-04 21:38:23,732 INFO o.a.j.t.JMeterThread: Thread started: simple-web-server-ThreadStarter 1-1
2023-06-04 21:38:23,734 INFO o.a.j.s.SampleResult: Note: Sample TimeStamps are START times
2023-06-04 21:38:23,734 INFO o.a.j.s.SampleResult: sampleresult.default.encoding is set to UTF-8
2023-06-04 21:38:23,734 INFO o.a.j.s.SampleResult: sampleresult.useNanoTime=true
2023-06-04 21:38:23,734 INFO o.a.j.s.SampleResult: sampleresult.nanoThreadSleep=5000
2023-06-04 21:38:23,750 INFO o.a.j.p.h.s.HTTPHCAbstractImpl: Local host = ThinkBook-GG
2023-06-04 21:38:23,753 INFO o.a.j.p.h.s.HTTPHC4Impl: HTTP request retry count = 0
2023-06-04 21:38:23,820 INFO o.a.j.u.JsseSSLManager: Using default SSL protocol: TLS
2023-06-04 21:38:23,820 INFO o.a.j.u.JsseSSLManager: SSL session context: per-thread
2023-06-04 21:38:24,749 INFO o.a.j.t.JMeterThread: Thread started: simple-web-server-ThreadStarter 1-2
2023-06-04 21:38:24,749 INFO o.a.j.t.JMeterThread: Thread started: simple-web-server-ThreadStarter 1-3
2023-06-04 21:38:24,749 INFO o.a.j.t.JMeterThread: Thread started: simple-web-server-ThreadStarter 1-4
2023-06-04 21:38:24,749 INFO o.a.j.t.JMeterThread: Thread started: simple-web-server-ThreadStarter 1-5
2023-06-04 21:38:24,749 INFO o.a.j.t.JMeterThread: Thread started: simple-web-server-ThreadStarter 1-6
2023-06-04 21:38:24,750 INFO o.a.j.t.JMeterThread: Thread started: simple-web-server-ThreadStarter 1-7
2023-06-04 21:38:25,751 INFO o.a.j.t.JMeterThread: Thread started: simple-web-server-ThreadStarter 1-8
2023-06-04 21:38:25,752 INFO o.a.j.t.JMeterThread: Thread started: simple-web-server-ThreadStarter 1-9
2023-06-04 21:38:25,752 INFO o.a.j.t.JMeterThread: Thread started: simple-web-server-ThreadStarter 1-10
2023-06-04 21:38:25,753 INFO o.a.j.t.JMeterThread: Thread started: simple-web-server-ThreadStarter 1-11
2023-06-04 21:38:25,753 INFO o.a.j.t.JMeterThread: Thread started: simple-web-server-ThreadStarter 1-12
2023-06-04 21:38:25,754 INFO o.a.j.t.JMeterThread: Thread started: simple-web-server-ThreadStarter 1-13
2023-06-04 21:38:26,755 INFO o.a.j.t.JMeterThread: Thread started: simple-web-server-ThreadStarter 1-14
2023-06-04 21:38:26,755 INFO o.a.j.t.JMeterThread: Thread started: simple-web-server-ThreadStarter 1-15
2023-06-04 21:38:26,755 INFO o.a.j.t.JMeterThread: Thread started: simple-web-server-ThreadStarter 1-16
2023-06-04 21:38:26,756 INFO o.a.j.t.JMeterThread: Thread started: simple-web-server-ThreadStarter 1-17
2023-06-04 21:38:26,756 INFO o.a.j.t.JMeterThread: Thread started: simple-web-server-ThreadStarter 1-19
2023-06-04 21:38:26,756 INFO o.a.j.t.JMeterThread: Thread started: simple-web-server-ThreadStarter 1-18
2023-06-04 21:38:27,764 INFO o.a.j.t.JMeterThread: Thread started: simple-web-server-ThreadStarter 1-20
2023-06-04 21:38:27,767 INFO o.a.j.t.JMeterThread: Thread started: simple-web-server-ThreadStarter 1-22
2023-06-04 21:38:27,767 INFO o.a.j.t.JMeterThread: Thread started: simple-web-server-ThreadStarter 1-24
2023-06-04 21:38:27,767 INFO o.a.j.t.JMeterThread: Thread started: simple-web-server-ThreadStarter 1-23
2023-06-04 21:38:27,767 INFO o.a.j.t.JMeterThread: Thread started: simple-web-server-ThreadStarter 1-21
2023-06-04 21:38:27,768 INFO o.a.j.t.JMeterThread: Thread started: simple-web-server-ThreadStarter 1-25
2023-06-04 21:38:28,778 INFO o.a.j.t.JMeterThread: Thread started: simple-web-server-ThreadStarter 1-26
2023-06-04 21:38:28,781 INFO o.a.j.t.JMeterThread: Thread started: simple-web-server-ThreadStarter 1-28
2023-06-04 21:38:28,781 INFO o.a.j.t.JMeterThread: Thread started: simple-web-server-ThreadStarter 1-27
2023-06-04 21:38:28,781 INFO o.a.j.t.JMeterThread: Thread started: simple-web-server-ThreadStarter 1-29
2023-06-04 21:38:28,781 INFO o.a.j.t.JMeterThread: Thread started: simple-web-server-ThreadStarter 1-30
2023-06-04 21:38:28,781 INFO o.a.j.t.JMeterThread: Thread started: simple-web-server-ThreadStarter 1-31
2023-06-04 21:38:29,795 INFO o.a.j.t.JMeterThread: Thread started: simple-web-server-ThreadStarter 1-33
2023-06-04 21:38:29,795 INFO o.a.j.t.JMeterThread: Thread started: simple-web-server-ThreadStarter 1-34
2023-06-04 21:38:29,796 INFO o.a.j.t.JMeterThread: Thread started: simple-web-server-ThreadStarter 1-36
2023-06-04 21:38:29,796 INFO o.a.j.t.JMeterThread: Thread started: simple-web-server-ThreadStarter 1-35
2023-06-04 21:38:29,796 INFO o.a.j.t.JMeterThread: Thread started: simple-web-server-ThreadStarter 1-37
2023-06-04 21:38:29,795 INFO o.a.j.t.JMeterThread: Thread started: simple-web-server-ThreadStarter 1-32
2023-06-04 21:38:30,798 INFO o.a.j.t.JMeterThread: Thread started: simple-web-server-ThreadStarter 1-38
2023-06-04 21:38:30,798 INFO o.a.j.t.JMeterThread: Thread started: simple-web-server-ThreadStarter 1-39
2023-06-04 21:38:30,799 INFO o.a.j.t.JMeterThread: Thread started: simple-web-server-ThreadStarter 1-40
2023-06-04 21:38:30,799 INFO o.a.j.t.JMeterThread: Thread started: simple-web-server-ThreadStarter 1-42
2023-06-04 21:38:30,799 INFO o.a.j.t.JMeterThread: Thread started: simple-web-server-ThreadStarter 1-41
2023-06-04 21:38:30,799 INFO o.a.j.t.JMeterThread: Thread started: simple-web-server-ThreadStarter 1-43
2023-06-04 21:38:31,801 INFO o.a.j.t.JMeterThread: Thread started: simple-web-server-ThreadStarter 1-44
2023-06-04 21:38:31,801 INFO o.a.j.t.JMeterThread: Thread started: simple-web-server-ThreadStarter 1-45
2023-06-04 21:38:31,801 INFO o.a.j.t.JMeterThread: Thread started: simple-web-server-ThreadStarter 1-46
2023-06-04 21:38:31,802 INFO o.a.j.t.JMeterThread: Thread started: simple-web-server-ThreadStarter 1-47
2023-06-04 21:38:31,802 INFO o.a.j.t.JMeterThread: Thread started: simple-web-server-ThreadStarter 1-48
2023-06-04 21:38:31,802 INFO o.a.j.t.JMeterThread: Thread started: simple-web-server-ThreadStarter 1-49
2023-06-04 21:38:32,815 INFO o.a.j.t.JMeterThread: Thread started: simple-web-server-ThreadStarter 1-50
2023-06-04 21:38:32,815 INFO o.a.j.t.JMeterThread: Thread started: simple-web-server-ThreadStarter 1-51
2023-06-04 21:38:32,816 INFO o.a.j.t.JMeterThread: Thread started: simple-web-server-ThreadStarter 1-52
2023-06-04 21:38:32,816 INFO o.a.j.t.JMeterThread: Thread started: simple-web-server-ThreadStarter 1-53
2023-06-04 21:38:32,817 INFO o.a.j.t.JMeterThread: Thread started: simple-web-server-ThreadStarter 1-54
2023-06-04 21:38:32,817 INFO o.a.j.t.JMeterThread: Thread started: simple-web-server-ThreadStarter 1-55
2023-06-04 21:38:33,823 INFO o.a.j.t.JMeterThread: Thread started: simple-web-server-ThreadStarter 1-57
2023-06-04 21:38:33,823 INFO o.a.j.t.JMeterThread: Thread started: simple-web-server-ThreadStarter 1-58
2023-06-04 21:38:33,823 INFO o.a.j.t.JMeterThread: Thread started: simple-web-server-ThreadStarter 1-56
2023-06-04 21:38:33,823 INFO o.a.j.t.JMeterThread: Thread started: simple-web-server-ThreadStarter 1-60
2023-06-04 21:38:33,823 INFO o.a.j.t.JMeterThread: Thread started: simple-web-server-ThreadStarter 1-59
2023-06-04 21:39:34,151 INFO c.b.j.t.c.ConcurrencyThreadStarter: Done supplying threads
2023-06-04 21:39:34,151 INFO o.a.j.t.JMeterThread: Thread is done: simple-web-server-ThreadStarter 1-51
2023-06-04 21:39:34,151 INFO o.a.j.t.JMeterThread: Thread finished: simple-web-server-ThreadStarter 1-51
2023-06-04 21:39:34,153 INFO o.a.j.t.JMeterThread: Thread is done: simple-web-server-ThreadStarter 1-32
2023-06-04 21:39:34,153 INFO o.a.j.t.JMeterThread: Thread finished: simple-web-server-ThreadStarter 1-32
2023-06-04 21:39:34,154 INFO o.a.j.t.JMeterThread: Thread is done: simple-web-server-ThreadStarter 1-50
2023-06-04 21:39:34,154 INFO o.a.j.t.JMeterThread: Thread finished: simple-web-server-ThreadStarter 1-50
2023-06-04 21:39:34,156 INFO o.a.j.t.JMeterThread: Thread is done: simple-web-server-ThreadStarter 1-16
2023-06-04 21:39:34,156 INFO o.a.j.t.JMeterThread: Thread finished: simple-web-server-ThreadStarter 1-16
2023-06-04 21:39:34,158 INFO o.a.j.t.JMeterThread: Thread is done: simple-web-server-ThreadStarter 1-14
2023-06-04 21:39:34,158 INFO o.a.j.t.JMeterThread: Thread finished: simple-web-server-ThreadStarter 1-14
2023-06-04 21:39:34,159 INFO o.a.j.t.JMeterThread: Thread is done: simple-web-server-ThreadStarter 1-15
2023-06-04 21:39:34,159 INFO o.a.j.t.JMeterThread: Thread finished: simple-web-server-ThreadStarter 1-15
2023-06-04 21:39:34,161 INFO o.a.j.t.JMeterThread: Thread is done: simple-web-server-ThreadStarter 1-7
2023-06-04 21:39:34,161 INFO o.a.j.t.JMeterThread: Thread finished: simple-web-server-ThreadStarter 1-7
2023-06-04 21:39:34,163 INFO o.a.j.t.JMeterThread: Thread is done: simple-web-server-ThreadStarter 1-13
2023-06-04 21:39:34,163 INFO o.a.j.t.JMeterThread: Thread finished: simple-web-server-ThreadStarter 1-13
2023-06-04 21:39:34,165 INFO o.a.j.t.JMeterThread: Thread is done: simple-web-server-ThreadStarter 1-17
2023-06-04 21:39:34,165 INFO o.a.j.t.JMeterThread: Thread finished: simple-web-server-ThreadStarter 1-17
2023-06-04 21:39:34,167 INFO o.a.j.t.JMeterThread: Thread is done: simple-web-server-ThreadStarter 1-1
2023-06-04 21:39:34,167 INFO o.a.j.t.JMeterThread: Thread finished: simple-web-server-ThreadStarter 1-1
2023-06-04 21:39:34,168 INFO o.a.j.t.JMeterThread: Thread is done: simple-web-server-ThreadStarter 1-19
2023-06-04 21:39:34,168 INFO o.a.j.t.JMeterThread: Thread finished: simple-web-server-ThreadStarter 1-19
2023-06-04 21:39:34,170 INFO o.a.j.t.JMeterThread: Thread is done: simple-web-server-ThreadStarter 1-2
2023-06-04 21:39:34,170 INFO o.a.j.t.JMeterThread: Thread finished: simple-web-server-ThreadStarter 1-2
2023-06-04 21:39:34,172 INFO o.a.j.t.JMeterThread: Thread is done: simple-web-server-ThreadStarter 1-31
2023-06-04 21:39:34,172 INFO o.a.j.t.JMeterThread: Thread finished: simple-web-server-ThreadStarter 1-31
2023-06-04 21:39:34,174 INFO o.a.j.t.JMeterThread: Thread is done: simple-web-server-ThreadStarter 1-26
2023-06-04 21:39:34,174 INFO o.a.j.t.JMeterThread: Thread finished: simple-web-server-ThreadStarter 1-26
2023-06-04 21:39:34,175 INFO o.a.j.t.JMeterThread: Thread is done: simple-web-server-ThreadStarter 1-30
2023-06-04 21:39:34,175 INFO o.a.j.t.JMeterThread: Thread finished: simple-web-server-ThreadStarter 1-30
2023-06-04 21:39:34,177 INFO o.a.j.t.JMeterThread: Thread is done: simple-web-server-ThreadStarter 1-9
2023-06-04 21:39:34,177 INFO o.a.j.t.JMeterThread: Thread finished: simple-web-server-ThreadStarter 1-9
2023-06-04 21:39:34,179 INFO o.a.j.t.JMeterThread: Thread is done: simple-web-server-ThreadStarter 1-8
2023-06-04 21:39:34,179 INFO o.a.j.t.JMeterThread: Thread finished: simple-web-server-ThreadStarter 1-8
2023-06-04 21:39:34,181 INFO o.a.j.t.JMeterThread: Thread is done: simple-web-server-ThreadStarter 1-10
2023-06-04 21:39:34,181 INFO o.a.j.t.JMeterThread: Thread finished: simple-web-server-ThreadStarter 1-10
2023-06-04 21:39:34,183 INFO o.a.j.t.JMeterThread: Thread is done: simple-web-server-ThreadStarter 1-28
2023-06-04 21:39:34,183 INFO o.a.j.t.JMeterThread: Thread finished: simple-web-server-ThreadStarter 1-28
2023-06-04 21:39:34,184 INFO o.a.j.t.JMeterThread: Thread is done: simple-web-server-ThreadStarter 1-3
2023-06-04 21:39:34,184 INFO o.a.j.t.JMeterThread: Thread finished: simple-web-server-ThreadStarter 1-3
2023-06-04 21:39:34,186 INFO o.a.j.t.JMeterThread: Thread is done: simple-web-server-ThreadStarter 1-11
2023-06-04 21:39:34,186 INFO o.a.j.t.JMeterThread: Thread finished: simple-web-server-ThreadStarter 1-11
2023-06-04 21:39:34,188 INFO o.a.j.t.JMeterThread: Thread is done: simple-web-server-ThreadStarter 1-27
2023-06-04 21:39:34,188 INFO o.a.j.t.JMeterThread: Thread finished: simple-web-server-ThreadStarter 1-27
2023-06-04 21:39:34,190 INFO o.a.j.t.JMeterThread: Thread is done: simple-web-server-ThreadStarter 1-18
2023-06-04 21:39:34,190 INFO o.a.j.t.JMeterThread: Thread finished: simple-web-server-ThreadStarter 1-18
2023-06-04 21:39:34,192 INFO o.a.j.t.JMeterThread: Thread is done: simple-web-server-ThreadStarter 1-4
2023-06-04 21:39:34,192 INFO o.a.j.t.JMeterThread: Thread finished: simple-web-server-ThreadStarter 1-4
2023-06-04 21:39:34,194 INFO o.a.j.t.JMeterThread: Thread is done: simple-web-server-ThreadStarter 1-29
2023-06-04 21:39:34,194 INFO o.a.j.t.JMeterThread: Thread finished: simple-web-server-ThreadStarter 1-29
2023-06-04 21:39:34,196 INFO o.a.j.t.JMeterThread: Thread is done: simple-web-server-ThreadStarter 1-5
2023-06-04 21:39:34,196 INFO o.a.j.t.JMeterThread: Thread finished: simple-web-server-ThreadStarter 1-5
2023-06-04 21:39:34,198 INFO o.a.j.t.JMeterThread: Thread is done: simple-web-server-ThreadStarter 1-59
2023-06-04 21:39:34,198 INFO o.a.j.t.JMeterThread: Thread finished: simple-web-server-ThreadStarter 1-59
2023-06-04 21:39:34,200 INFO o.a.j.t.JMeterThread: Thread is done: simple-web-server-ThreadStarter 1-58
2023-06-04 21:39:34,200 INFO o.a.j.t.JMeterThread: Thread finished: simple-web-server-ThreadStarter 1-58
2023-06-04 21:39:34,201 INFO o.a.j.t.JMeterThread: Thread is done: simple-web-server-ThreadStarter 1-57
2023-06-04 21:39:34,201 INFO o.a.j.t.JMeterThread: Thread finished: simple-web-server-ThreadStarter 1-57
2023-06-04 21:39:34,203 INFO o.a.j.t.JMeterThread: Thread is done: simple-web-server-ThreadStarter 1-56
2023-06-04 21:39:34,203 INFO o.a.j.t.JMeterThread: Thread finished: simple-web-server-ThreadStarter 1-56
2023-06-04 21:39:34,205 INFO o.a.j.t.JMeterThread: Thread is done: simple-web-server-ThreadStarter 1-60
2023-06-04 21:39:34,205 INFO o.a.j.t.JMeterThread: Thread finished: simple-web-server-ThreadStarter 1-60
2023-06-04 21:39:34,207 INFO o.a.j.t.JMeterThread: Thread is done: simple-web-server-ThreadStarter 1-20
2023-06-04 21:39:34,207 INFO o.a.j.t.JMeterThread: Thread finished: simple-web-server-ThreadStarter 1-20
2023-06-04 21:39:34,209 INFO o.a.j.t.JMeterThread: Thread is done: simple-web-server-ThreadStarter 1-44
2023-06-04 21:39:34,209 INFO o.a.j.t.JMeterThread: Thread finished: simple-web-server-ThreadStarter 1-44
2023-06-04 21:39:34,211 INFO o.a.j.t.JMeterThread: Thread is done: simple-web-server-ThreadStarter 1-45
2023-06-04 21:39:34,211 INFO o.a.j.t.JMeterThread: Thread finished: simple-web-server-ThreadStarter 1-45
2023-06-04 21:39:34,213 INFO o.a.j.t.JMeterThread: Thread is done: simple-web-server-ThreadStarter 1-47
2023-06-04 21:39:34,213 INFO o.a.j.t.JMeterThread: Thread finished: simple-web-server-ThreadStarter 1-47
2023-06-04 21:39:34,215 INFO o.a.j.t.JMeterThread: Thread is done: simple-web-server-ThreadStarter 1-46
2023-06-04 21:39:34,215 INFO o.a.j.t.JMeterThread: Thread finished: simple-web-server-ThreadStarter 1-46
2023-06-04 21:39:34,217 INFO o.a.j.t.JMeterThread: Thread is done: simple-web-server-ThreadStarter 1-49
2023-06-04 21:39:34,217 INFO o.a.j.t.JMeterThread: Thread finished: simple-web-server-ThreadStarter 1-49
2023-06-04 21:39:34,219 INFO o.a.j.t.JMeterThread: Thread is done: simple-web-server-ThreadStarter 1-48
2023-06-04 21:39:34,219 INFO o.a.j.t.JMeterThread: Thread finished: simple-web-server-ThreadStarter 1-48
2023-06-04 21:39:34,221 INFO o.a.j.t.JMeterThread: Thread is done: simple-web-server-ThreadStarter 1-6
2023-06-04 21:39:34,221 INFO o.a.j.t.JMeterThread: Thread finished: simple-web-server-ThreadStarter 1-6
2023-06-04 21:39:34,222 INFO o.a.j.t.JMeterThread: Thread is done: simple-web-server-ThreadStarter 1-39
2023-06-04 21:39:34,222 INFO o.a.j.t.JMeterThread: Thread finished: simple-web-server-ThreadStarter 1-39
2023-06-04 21:39:34,224 INFO o.a.j.t.JMeterThread: Thread is done: simple-web-server-ThreadStarter 1-38
2023-06-04 21:39:34,224 INFO o.a.j.t.JMeterThread: Thread finished: simple-web-server-ThreadStarter 1-38
2023-06-04 21:39:34,226 INFO o.a.j.t.JMeterThread: Thread is done: simple-web-server-ThreadStarter 1-40
2023-06-04 21:39:34,226 INFO o.a.j.t.JMeterThread: Thread finished: simple-web-server-ThreadStarter 1-40
2023-06-04 21:39:34,228 INFO o.a.j.t.JMeterThread: Thread is done: simple-web-server-ThreadStarter 1-42
2023-06-04 21:39:34,228 INFO o.a.j.t.JMeterThread: Thread finished: simple-web-server-ThreadStarter 1-42
2023-06-04 21:39:34,230 INFO o.a.j.t.JMeterThread: Thread is done: simple-web-server-ThreadStarter 1-23
2023-06-04 21:39:34,230 INFO o.a.j.t.JMeterThread: Thread finished: simple-web-server-ThreadStarter 1-23
2023-06-04 21:39:34,232 INFO o.a.j.t.JMeterThread: Thread is done: simple-web-server-ThreadStarter 1-21
2023-06-04 21:39:34,232 INFO o.a.j.t.JMeterThread: Thread finished: simple-web-server-ThreadStarter 1-21
2023-06-04 21:39:34,234 INFO o.a.j.t.JMeterThread: Thread is done: simple-web-server-ThreadStarter 1-22
2023-06-04 21:39:34,234 INFO o.a.j.t.JMeterThread: Thread finished: simple-web-server-ThreadStarter 1-22
2023-06-04 21:39:34,236 INFO o.a.j.t.JMeterThread: Thread is done: simple-web-server-ThreadStarter 1-41
2023-06-04 21:39:34,236 INFO o.a.j.t.JMeterThread: Thread finished: simple-web-server-ThreadStarter 1-41
2023-06-04 21:39:34,238 INFO o.a.j.t.JMeterThread: Thread is done: simple-web-server-ThreadStarter 1-25
2023-06-04 21:39:34,238 INFO o.a.j.t.JMeterThread: Thread finished: simple-web-server-ThreadStarter 1-25
2023-06-04 21:39:34,240 INFO o.a.j.t.JMeterThread: Thread is done: simple-web-server-ThreadStarter 1-24
2023-06-04 21:39:34,240 INFO o.a.j.t.JMeterThread: Thread finished: simple-web-server-ThreadStarter 1-24
2023-06-04 21:39:34,242 INFO o.a.j.t.JMeterThread: Thread is done: simple-web-server-ThreadStarter 1-43
2023-06-04 21:39:34,242 INFO o.a.j.t.JMeterThread: Thread finished: simple-web-server-ThreadStarter 1-43
2023-06-04 21:39:34,244 INFO o.a.j.t.JMeterThread: Thread is done: simple-web-server-ThreadStarter 1-34
2023-06-04 21:39:34,244 INFO o.a.j.t.JMeterThread: Thread finished: simple-web-server-ThreadStarter 1-34
2023-06-04 21:39:34,246 INFO o.a.j.t.JMeterThread: Thread is done: simple-web-server-ThreadStarter 1-36
2023-06-04 21:39:34,246 INFO o.a.j.t.JMeterThread: Thread finished: simple-web-server-ThreadStarter 1-36
2023-06-04 21:39:34,248 INFO o.a.j.t.JMeterThread: Thread is done: simple-web-server-ThreadStarter 1-35
2023-06-04 21:39:34,248 INFO o.a.j.t.JMeterThread: Thread finished: simple-web-server-ThreadStarter 1-35
2023-06-04 21:39:34,250 INFO o.a.j.t.JMeterThread: Thread is done: simple-web-server-ThreadStarter 1-33
2023-06-04 21:39:34,250 INFO o.a.j.t.JMeterThread: Thread finished: simple-web-server-ThreadStarter 1-33
2023-06-04 21:39:34,251 INFO o.a.j.t.JMeterThread: Thread is done: simple-web-server-ThreadStarter 1-12
2023-06-04 21:39:34,251 INFO o.a.j.t.JMeterThread: Thread finished: simple-web-server-ThreadStarter 1-12
2023-06-04 21:39:34,253 INFO o.a.j.t.JMeterThread: Thread is done: simple-web-server-ThreadStarter 1-37
2023-06-04 21:39:34,253 INFO o.a.j.t.JMeterThread: Thread finished: simple-web-server-ThreadStarter 1-37
2023-06-04 21:39:34,255 INFO o.a.j.t.JMeterThread: Thread is done: simple-web-server-ThreadStarter 1-54
2023-06-04 21:39:34,255 INFO o.a.j.t.JMeterThread: Thread finished: simple-web-server-ThreadStarter 1-54
2023-06-04 21:39:34,257 INFO o.a.j.t.JMeterThread: Thread is done: simple-web-server-ThreadStarter 1-52
2023-06-04 21:39:34,257 INFO o.a.j.t.JMeterThread: Thread finished: simple-web-server-ThreadStarter 1-52
2023-06-04 21:39:34,258 INFO o.a.j.t.JMeterThread: Thread is done: simple-web-server-ThreadStarter 1-55
2023-06-04 21:39:34,258 INFO o.a.j.t.JMeterThread: Thread finished: simple-web-server-ThreadStarter 1-55
2023-06-04 21:39:34,260 INFO o.a.j.t.JMeterThread: Thread is done: simple-web-server-ThreadStarter 1-53
2023-06-04 21:39:34,260 INFO o.a.j.t.JMeterThread: Thread finished: simple-web-server-ThreadStarter 1-53
2023-06-04 21:39:34,260 INFO o.a.j.e.StandardJMeterEngine: Notifying test listeners of end of test
2023-06-04 21:39:34,261 INFO o.a.j.e.StandardJMeterEngine: Forced JVM shutdown requested at end of test
